<?xml version="1.0" encoding="UTF-8"?>
<testng-results ignored="0" total="1" passed="1" failed="0" skipped="0">
  <reporter-output>
  </reporter-output>
  <suite started-at="2026-04-09T18:07:13 IST" name="Default suite" finished-at="2026-04-09T18:08:14 IST" duration-ms="61150">
    <groups>
    </groups>
    <test started-at="2026-04-09T18:07:13 IST" name="Default test" finished-at="2026-04-09T18:08:14 IST" duration-ms="61150">
      <class name="testauthentication.Authentication">
        <test-method is-config="true" signature="initialize()[pri:0, instance:testauthentication.Authentication@1189dd52]" started-at="2026-04-09T18:07:13 IST" name="initialize" finished-at="2026-04-09T18:07:55 IST" duration-ms="42312" status="PASS">
          <reporter-output>
          </reporter-output>
        </test-method> <!-- initialize -->
        <test-method signature="login()[pri:0, instance:testauthentication.Authentication@1189dd52]" started-at="2026-04-09T18:07:55 IST" name="login" finished-at="2026-04-09T18:08:14 IST" duration-ms="18725" status="PASS">
          <reporter-output>
          </reporter-output>
        </test-method> <!-- login -->
      </class> <!-- testauthentication.Authentication -->
    </test> <!-- Default test -->
  </suite> <!-- Default suite -->
</testng-results>
